The system is: Darwin - 20.2.0 - x86_64
Compiling the C compiler identification source file "CMakeCCompilerId.c" succeeded.
Compiler: /usr/local/bin/gcc-4.9 
Build flags: 
Id flags: -c 

The output was:
0


Compilation of the C compiler identification source "CMakeCCompilerId.c" produced "CMakeCCompilerId.o"

The C compiler identification is GNU, found in "/Users/ymkzpx/CLionProjects/leetcode/cmake-build-debug/CMakeFiles/3.19.2/CompilerIdC/CMakeCCompilerId.o"

Compiling the CXX compiler identification source file "CMakeCXXCompilerId.cpp" succeeded.
Compiler: /usr/local/bin/g++-4.9 
Build flags: 
Id flags: -c 

The output was:
0


Compilation of the CXX compiler identification source "CMakeCXXCompilerId.cpp" produced "CMakeCXXCompilerId.o"

The CXX compiler identification is GNU, found in "/Users/ymkzpx/CLionProjects/leetcode/cmake-build-debug/CMakeFiles/3.19.2/CompilerIdCXX/CMakeCXXCompilerId.o"

Detecting C compiler ABI info compiled with the following output:
Change Dir: /Users/ymkzpx/CLionProjects/leetcode/cmake-build-debug/CMakeFiles/CMakeTmp

Run Build Command(s):/usr/local/bin/gmake cmTC_d4177/fast && /usr/local/bin/gmake  -f CMakeFiles/cmTC_d4177.dir/build.make CMakeFiles/cmTC_d4177.dir/build
gmake[1]: Entering directory '/Users/ymkzpx/CLionProjects/leetcode/cmake-build-debug/CMakeFiles/CMakeTmp'
Building C object CMakeFiles/cmTC_d4177.dir/CMakeCCompilerABI.c.o
/usr/local/bin/gcc-4.9   -isysroot /Applications/Xcode.app/Contents/Developer/Platforms/MacOSX.platform/Developer/SDKs/MacOSX11.0.sdk   -v -Wl,-v -o CMakeFiles/cmTC_d4177.dir/CMakeCCompilerABI.c.o -c /Applications/CLion.app/Contents/bin/cmake/mac/share/cmake-3.19/Modules/CMakeCCompilerABI.c
Using built-in specs.
COLLECT_GCC=/usr/local/bin/gcc-4.9
Target: x86_64-apple-darwin17.7.0
Configured with: ../configure --build=x86_64-apple-darwin17.7.0 --prefix=/usr/local/Cellar/gcc@4.9/4.9.4_2 --libdir=/usr/local/Cellar/gcc@4.9/4.9.4_2/lib/gcc/4.9 --enable-languages=c,c++,fortran,objc,obj-c++ --program-suffix=-4.9 --with-system-zlib --enable-libstdcxx-time=yes --enable-stage1-checking --enable-checking=release --enable-lto --enable-plugin --with-build-config=bootstrap-debug --disable-werror --with-pkgversion='Homebrew GCC 4.9.4_2' --with-bugurl=https://github.com/Homebrew/homebrew-core/issues MAKEINFO=missing --disable-nls --enable-multilib SED=/usr/bin/sed
Thread model: posix
gcc version 4.9.4 (Homebrew GCC 4.9.4_2) 
COLLECT_GCC_OPTIONS='-mmacosx-version-min=10.16.2' '-isysroot' '/Applications/Xcode.app/Contents/Developer/Platforms/MacOSX.platform/Developer/SDKs/MacOSX11.0.sdk' '-v' '-o' 'CMakeFiles/cmTC_d4177.dir/CMakeCCompilerABI.c.o' '-c' '-mtune=core2'
 /usr/local/Cellar/gcc@4.9/4.9.4_2/libexec/gcc/x86_64-apple-darwin17.7.0/4.9.4/cc1 -quiet -v -D__DYNAMIC__ -isysroot /Applications/Xcode.app/Contents/Developer/Platforms/MacOSX.platform/Developer/SDKs/MacOSX11.0.sdk /Applications/CLion.app/Contents/bin/cmake/mac/share/cmake-3.19/Modules/CMakeCCompilerABI.c -fPIC -quiet -dumpbase CMakeCCompilerABI.c -mmacosx-version-min=10.16.2 -mtune=core2 -auxbase-strip CMakeFiles/cmTC_d4177.dir/CMakeCCompilerABI.c.o -version -o /var/folders/rx/qflrgtpx1g7dpt8mbn7_gs1w0000gn/T//cc54RiUa.s
GNU C (Homebrew GCC 4.9.4_2) version 4.9.4 (x86_64-apple-darwin17.7.0)
	compiled by GNU C version 4.9.4, GMP version 4.3.2, MPFR version 2.4.2, MPC version 0.8.1
GGC heuristics: --param ggc-min-expand=100 --param ggc-min-heapsize=131072
ignoring nonexistent directory "/Applications/Xcode.app/Contents/Developer/Platforms/MacOSX.platform/Developer/SDKs/MacOSX11.0.sdk/usr/local/include"
ignoring nonexistent directory "/usr/local/Cellar/gcc@4.9/4.9.4_2/lib/gcc/4.9/gcc/x86_64-apple-darwin17.7.0/4.9.4/../../../../../../x86_64-apple-darwin17.7.0/include"
ignoring nonexistent directory "/Applications/Xcode.app/Contents/Developer/Platforms/MacOSX.platform/Developer/SDKs/MacOSX11.0.sdk/Library/Frameworks"
#include "..." search starts here:
#include <...> search starts here:
 /usr/local/Cellar/gcc@4.9/4.9.4_2/lib/gcc/4.9/gcc/x86_64-apple-darwin17.7.0/4.9.4/include
 /usr/local/Cellar/gcc@4.9/4.9.4_2/include
 /usr/local/Cellar/gcc@4.9/4.9.4_2/lib/gcc/4.9/gcc/x86_64-apple-darwin17.7.0/4.9.4/include-fixed
 /Applications/Xcode.app/Contents/Developer/Platforms/MacOSX.platform/Developer/SDKs/MacOSX11.0.sdk/usr/include
 /Applications/Xcode.app/Contents/Developer/Platforms/MacOSX.platform/Developer/SDKs/MacOSX11.0.sdk/System/Library/Frameworks
End of search list.
GNU C (Homebrew GCC 4.9.4_2) version 4.9.4 (x86_64-apple-darwin17.7.0)
	compiled by GNU C version 4.9.4, GMP version 4.3.2, MPFR version 2.4.2, MPC version 0.8.1
GGC heuristics: --param ggc-min-expand=100 --param ggc-min-heapsize=131072
Compiler executable checksum: bea00ea2685ba75d16926e50b780586b
COLLECT_GCC_OPTIONS='-mmacosx-version-min=10.16.2' '-isysroot' '/Applications/Xcode.app/Contents/Developer/Platforms/MacOSX.platform/Developer/SDKs/MacOSX11.0.sdk' '-v' '-o' 'CMakeFiles/cmTC_d4177.dir/CMakeCCompilerABI.c.o' '-c' '-mtune=core2'
 as -arch x86_64 -force_cpusubtype_ALL -o CMakeFiles/cmTC_d4177.dir/CMakeCCompilerABI.c.o /var/folders/rx/qflrgtpx1g7dpt8mbn7_gs1w0000gn/T//cc54RiUa.s
COMPILER_PATH=/usr/local/Cellar/gcc@4.9/4.9.4_2/libexec/gcc/x86_64-apple-darwin17.7.0/4.9.4/:/usr/local/Cellar/gcc@4.9/4.9.4_2/libexec/gcc/x86_64-apple-darwin17.7.0/4.9.4/:/usr/local/Cellar/gcc@4.9/4.9.4_2/libexec/gcc/x86_64-apple-darwin17.7.0/:/usr/local/Cellar/gcc@4.9/4.9.4_2/lib/gcc/4.9/gcc/x86_64-apple-darwin17.7.0/4.9.4/:/usr/local/Cellar/gcc@4.9/4.9.4_2/lib/gcc/4.9/gcc/x86_64-apple-darwin17.7.0/
LIBRARY_PATH=/usr/local/Cellar/gcc@4.9/4.9.4_2/lib/gcc/4.9/gcc/x86_64-apple-darwin17.7.0/4.9.4/:/usr/local/Cellar/gcc@4.9/4.9.4_2/lib/gcc/4.9/gcc/x86_64-apple-darwin17.7.0/4.9.4/../../../:/usr/lib/
COLLECT_GCC_OPTIONS='-mmacosx-version-min=10.16.2' '-isysroot' '/Applications/Xcode.app/Contents/Developer/Platforms/MacOSX.platform/Developer/SDKs/MacOSX11.0.sdk' '-v' '-o' 'CMakeFiles/cmTC_d4177.dir/CMakeCCompilerABI.c.o' '-c' '-mtune=core2'
Linking C executable cmTC_d4177
/Applications/CLion.app/Contents/bin/cmake/mac/bin/cmake -E cmake_link_script CMakeFiles/cmTC_d4177.dir/link.txt --verbose=1
/usr/local/bin/gcc-4.9  -isysroot /Applications/Xcode.app/Contents/Developer/Platforms/MacOSX.platform/Developer/SDKs/MacOSX11.0.sdk -Wl,-search_paths_first -Wl,-headerpad_max_install_names  -v -Wl,-v CMakeFiles/cmTC_d4177.dir/CMakeCCompilerABI.c.o -o cmTC_d4177 
Using built-in specs.
COLLECT_GCC=/usr/local/bin/gcc-4.9
COLLECT_LTO_WRAPPER=/usr/local/Cellar/gcc@4.9/4.9.4_2/libexec/gcc/x86_64-apple-darwin17.7.0/4.9.4/lto-wrapper
Target: x86_64-apple-darwin17.7.0
Configured with: ../configure --build=x86_64-apple-darwin17.7.0 --prefix=/usr/local/Cellar/gcc@4.9/4.9.4_2 --libdir=/usr/local/Cellar/gcc@4.9/4.9.4_2/lib/gcc/4.9 --enable-languages=c,c++,fortran,objc,obj-c++ --program-suffix=-4.9 --with-system-zlib --enable-libstdcxx-time=yes --enable-stage1-checking --enable-checking=release --enable-lto --enable-plugin --with-build-config=bootstrap-debug --disable-werror --with-pkgversion='Homebrew GCC 4.9.4_2' --with-bugurl=https://github.com/Homebrew/homebrew-core/issues MAKEINFO=missing --disable-nls --enable-multilib SED=/usr/bin/sed
Thread model: posix
gcc version 4.9.4 (Homebrew GCC 4.9.4_2) 
COMPILER_PATH=/usr/local/Cellar/gcc@4.9/4.9.4_2/libexec/gcc/x86_64-apple-darwin17.7.0/4.9.4/:/usr/local/Cellar/gcc@4.9/4.9.4_2/libexec/gcc/x86_64-apple-darwin17.7.0/4.9.4/:/usr/local/Cellar/gcc@4.9/4.9.4_2/libexec/gcc/x86_64-apple-darwin17.7.0/:/usr/local/Cellar/gcc@4.9/4.9.4_2/lib/gcc/4.9/gcc/x86_64-apple-darwin17.7.0/4.9.4/:/usr/local/Cellar/gcc@4.9/4.9.4_2/lib/gcc/4.9/gcc/x86_64-apple-darwin17.7.0/
LIBRARY_PATH=/usr/local/Cellar/gcc@4.9/4.9.4_2/lib/gcc/4.9/gcc/x86_64-apple-darwin17.7.0/4.9.4/:/usr/local/Cellar/gcc@4.9/4.9.4_2/lib/gcc/4.9/gcc/x86_64-apple-darwin17.7.0/4.9.4/../../../:/usr/lib/
COLLECT_GCC_OPTIONS='-mmacosx-version-min=10.16.2' '-isysroot' '/Applications/Xcode.app/Contents/Developer/Platforms/MacOSX.platform/Developer/SDKs/MacOSX11.0.sdk' '-v' '-o' 'cmTC_d4177' '-mtune=core2'
 /usr/local/Cellar/gcc@4.9/4.9.4_2/libexec/gcc/x86_64-apple-darwin17.7.0/4.9.4/collect2 -dynamic -arch x86_64 -macosx_version_min 10.16.2 -syslibroot /Applications/Xcode.app/Contents/Developer/Platforms/MacOSX.platform/Developer/SDKs/MacOSX11.0.sdk -weak_reference_mismatches non-weak -o cmTC_d4177 -L/usr/local/Cellar/gcc@4.9/4.9.4_2/lib/gcc/4.9/gcc/x86_64-apple-darwin17.7.0/4.9.4 -L/usr/local/Cellar/gcc@4.9/4.9.4_2/lib/gcc/4.9/gcc/x86_64-apple-darwin17.7.0/4.9.4/../../.. -search_paths_first -headerpad_max_install_names -v CMakeFiles/cmTC_d4177.dir/CMakeCCompilerABI.c.o -no_compact_unwind -lSystem -lgcc_ext.10.5 -lgcc -lSystem -v
collect2 version 4.9.4
/usr/bin/ld -dynamic -arch x86_64 -macosx_version_min 10.16.2 -syslibroot /Applications/Xcode.app/Contents/Developer/Platforms/MacOSX.platform/Developer/SDKs/MacOSX11.0.sdk -weak_reference_mismatches non-weak -o cmTC_d4177 -L/usr/local/Cellar/gcc@4.9/4.9.4_2/lib/gcc/4.9/gcc/x86_64-apple-darwin17.7.0/4.9.4 -L/usr/local/Cellar/gcc@4.9/4.9.4_2/lib/gcc/4.9/gcc/x86_64-apple-darwin17.7.0/4.9.4/../../.. -search_paths_first -headerpad_max_install_names -v CMakeFiles/cmTC_d4177.dir/CMakeCCompilerABI.c.o -no_compact_unwind -lSystem -lgcc_ext.10.5 -lgcc -lSystem -v
@(#)PROGRAM:ld  PROJECT:ld64-609.7
BUILD 18:10:07 Oct 19 2020
configured to support archs: armv6 armv7 armv7s arm64 arm64e arm64_32 i386 x86_64 x86_64h armv6m armv7k armv7m armv7em
@(#)PROGRAM:ld  PROJECT:ld64-609.7
BUILD 18:10:07 Oct 19 2020
configured to support archs: armv6 armv7 armv7s arm64 arm64e arm64_32 i386 x86_64 x86_64h armv6m armv7k armv7m armv7em
Library search paths:
	/usr/local/Cellar/gcc@4.9/4.9.4_2/lib/gcc/4.9/gcc/x86_64-apple-darwin17.7.0/4.9.4
	/usr/local/Cellar/gcc@4.9/4.9.4_2/lib/gcc/4.9
	/Applications/Xcode.app/Contents/Developer/Platforms/MacOSX.platform/Developer/SDKs/MacOSX11.0.sdk/usr/lib
Framework search paths:
	/Applications/Xcode.app/Contents/Developer/Platforms/MacOSX.platform/Developer/SDKs/MacOSX11.0.sdk/System/Library/Frameworks/
ld: warning: object file (CMakeFiles/cmTC_d4177.dir/CMakeCCompilerABI.c.o) was built for newer macOS version (11.0) than being linked (10.16.2)
 /usr/bin/nm -n CMakeFiles/cmTC_d4177.dir/CMakeCCompilerABI.c.o
gmake[1]: Leaving directory '/Users/ymkzpx/CLionProjects/leetcode/cmake-build-debug/CMakeFiles/CMakeTmp'



Parsed C implicit include dir info from above output: rv=done
  found start of include info
  found start of implicit include info
    add: [/usr/local/Cellar/gcc@4.9/4.9.4_2/lib/gcc/4.9/gcc/x86_64-apple-darwin17.7.0/4.9.4/include]
    add: [/usr/local/Cellar/gcc@4.9/4.9.4_2/include]
    add: [/usr/local/Cellar/gcc@4.9/4.9.4_2/lib/gcc/4.9/gcc/x86_64-apple-darwin17.7.0/4.9.4/include-fixed]
    add: [/Applications/Xcode.app/Contents/Developer/Platforms/MacOSX.platform/Developer/SDKs/MacOSX11.0.sdk/usr/include]
    add: [/Applications/Xcode.app/Contents/Developer/Platforms/MacOSX.platform/Developer/SDKs/MacOSX11.0.sdk/System/Library/Frameworks]
  end of search list found
  collapse include dir [/usr/local/Cellar/gcc@4.9/4.9.4_2/lib/gcc/4.9/gcc/x86_64-apple-darwin17.7.0/4.9.4/include] ==> [/usr/local/Cellar/gcc@4.9/4.9.4_2/lib/gcc/4.9/gcc/x86_64-apple-darwin17.7.0/4.9.4/include]
  collapse include dir [/usr/local/Cellar/gcc@4.9/4.9.4_2/include] ==> [/usr/local/Cellar/gcc@4.9/4.9.4_2/include]
  collapse include dir [/usr/local/Cellar/gcc@4.9/4.9.4_2/lib/gcc/4.9/gcc/x86_64-apple-darwin17.7.0/4.9.4/include-fixed] ==> [/usr/local/Cellar/gcc@4.9/4.9.4_2/lib/gcc/4.9/gcc/x86_64-apple-darwin17.7.0/4.9.4/include-fixed]
  collapse include dir [/Applications/Xcode.app/Contents/Developer/Platforms/MacOSX.platform/Developer/SDKs/MacOSX11.0.sdk/usr/include] ==> [/Applications/Xcode.app/Contents/Developer/Platforms/MacOSX.platform/Developer/SDKs/MacOSX11.0.sdk/usr/include]
  collapse include dir [/Applications/Xcode.app/Contents/Developer/Platforms/MacOSX.platform/Developer/SDKs/MacOSX11.0.sdk/System/Library/Frameworks] ==> [/Applications/Xcode.app/Contents/Developer/Platforms/MacOSX.platform/Developer/SDKs/MacOSX11.0.sdk/System/Library/Frameworks]
  implicit include dirs: [/usr/local/Cellar/gcc@4.9/4.9.4_2/lib/gcc/4.9/gcc/x86_64-apple-darwin17.7.0/4.9.4/include;/usr/local/Cellar/gcc@4.9/4.9.4_2/include;/usr/local/Cellar/gcc@4.9/4.9.4_2/lib/gcc/4.9/gcc/x86_64-apple-darwin17.7.0/4.9.4/include-fixed;/Applications/Xcode.app/Contents/Developer/Platforms/MacOSX.platform/Developer/SDKs/MacOSX11.0.sdk/usr/include;/Applications/Xcode.app/Contents/Developer/Platforms/MacOSX.platform/Developer/SDKs/MacOSX11.0.sdk/System/Library/Frameworks]


Parsed C implicit link information from above output:
  link line regex: [^( *|.*[/\])(ld|CMAKE_LINK_STARTFILE-NOTFOUND|([^/\]+-)?ld|collect2)[^/\]*( |$)]
  ignore line: [Change Dir: /Users/ymkzpx/CLionProjects/leetcode/cmake-build-debug/CMakeFiles/CMakeTmp]
  ignore line: []
  ignore line: [Run Build Command(s):/usr/local/bin/gmake cmTC_d4177/fast && /usr/local/bin/gmake  -f CMakeFiles/cmTC_d4177.dir/build.make CMakeFiles/cmTC_d4177.dir/build]
  ignore line: [gmake[1]: Entering directory '/Users/ymkzpx/CLionProjects/leetcode/cmake-build-debug/CMakeFiles/CMakeTmp']
  ignore line: [Building C object CMakeFiles/cmTC_d4177.dir/CMakeCCompilerABI.c.o]
  ignore line: [/usr/local/bin/gcc-4.9   -isysroot /Applications/Xcode.app/Contents/Developer/Platforms/MacOSX.platform/Developer/SDKs/MacOSX11.0.sdk   -v -Wl -v -o CMakeFiles/cmTC_d4177.dir/CMakeCCompilerABI.c.o -c /Applications/CLion.app/Contents/bin/cmake/mac/share/cmake-3.19/Modules/CMakeCCompilerABI.c]
  ignore line: [Using built-in specs.]
  ignore line: [COLLECT_GCC=/usr/local/bin/gcc-4.9]
  ignore line: [Target: x86_64-apple-darwin17.7.0]
  ignore line: [Configured with: ../configure --build=x86_64-apple-darwin17.7.0 --prefix=/usr/local/Cellar/gcc@4.9/4.9.4_2 --libdir=/usr/local/Cellar/gcc@4.9/4.9.4_2/lib/gcc/4.9 --enable-languages=c c++ fortran objc obj-c++ --program-suffix=-4.9 --with-system-zlib --enable-libstdcxx-time=yes --enable-stage1-checking --enable-checking=release --enable-lto --enable-plugin --with-build-config=bootstrap-debug --disable-werror --with-pkgversion='Homebrew GCC 4.9.4_2' --with-bugurl=https://github.com/Homebrew/homebrew-core/issues MAKEINFO=missing --disable-nls --enable-multilib SED=/usr/bin/sed]
  ignore line: [Thread model: posix]
  ignore line: [gcc version 4.9.4 (Homebrew GCC 4.9.4_2) ]
  ignore line: [COLLECT_GCC_OPTIONS='-mmacosx-version-min=10.16.2' '-isysroot' '/Applications/Xcode.app/Contents/Developer/Platforms/MacOSX.platform/Developer/SDKs/MacOSX11.0.sdk' '-v' '-o' 'CMakeFiles/cmTC_d4177.dir/CMakeCCompilerABI.c.o' '-c' '-mtune=core2']
  ignore line: [ /usr/local/Cellar/gcc@4.9/4.9.4_2/libexec/gcc/x86_64-apple-darwin17.7.0/4.9.4/cc1 -quiet -v -D__DYNAMIC__ -isysroot /Applications/Xcode.app/Contents/Developer/Platforms/MacOSX.platform/Developer/SDKs/MacOSX11.0.sdk /Applications/CLion.app/Contents/bin/cmake/mac/share/cmake-3.19/Modules/CMakeCCompilerABI.c -fPIC -quiet -dumpbase CMakeCCompilerABI.c -mmacosx-version-min=10.16.2 -mtune=core2 -auxbase-strip CMakeFiles/cmTC_d4177.dir/CMakeCCompilerABI.c.o -version -o /var/folders/rx/qflrgtpx1g7dpt8mbn7_gs1w0000gn/T//cc54RiUa.s]
  ignore line: [GNU C (Homebrew GCC 4.9.4_2) version 4.9.4 (x86_64-apple-darwin17.7.0)]
  ignore line: [	compiled by GNU C version 4.9.4  GMP version 4.3.2  MPFR version 2.4.2  MPC version 0.8.1]
  ignore line: [GGC heuristics: --param ggc-min-expand=100 --param ggc-min-heapsize=131072]
  ignore line: [ignoring nonexistent directory "/Applications/Xcode.app/Contents/Developer/Platforms/MacOSX.platform/Developer/SDKs/MacOSX11.0.sdk/usr/local/include"]
  ignore line: [ignoring nonexistent directory "/usr/local/Cellar/gcc@4.9/4.9.4_2/lib/gcc/4.9/gcc/x86_64-apple-darwin17.7.0/4.9.4/../../../../../../x86_64-apple-darwin17.7.0/include"]
  ignore line: [ignoring nonexistent directory "/Applications/Xcode.app/Contents/Developer/Platforms/MacOSX.platform/Developer/SDKs/MacOSX11.0.sdk/Library/Frameworks"]
  ignore line: [#include "..." search starts here:]
  ignore line: [#include <...> search starts here:]
  ignore line: [ /usr/local/Cellar/gcc@4.9/4.9.4_2/lib/gcc/4.9/gcc/x86_64-apple-darwin17.7.0/4.9.4/include]
  ignore line: [ /usr/local/Cellar/gcc@4.9/4.9.4_2/include]
  ignore line: [ /usr/local/Cellar/gcc@4.9/4.9.4_2/lib/gcc/4.9/gcc/x86_64-apple-darwin17.7.0/4.9.4/include-fixed]
  ignore line: [ /Applications/Xcode.app/Contents/Developer/Platforms/MacOSX.platform/Developer/SDKs/MacOSX11.0.sdk/usr/include]
  ignore line: [ /Applications/Xcode.app/Contents/Developer/Platforms/MacOSX.platform/Developer/SDKs/MacOSX11.0.sdk/System/Library/Frameworks]
  ignore line: [End of search list.]
  ignore line: [GNU C (Homebrew GCC 4.9.4_2) version 4.9.4 (x86_64-apple-darwin17.7.0)]
  ignore line: [	compiled by GNU C version 4.9.4  GMP version 4.3.2  MPFR version 2.4.2  MPC version 0.8.1]
  ignore line: [GGC heuristics: --param ggc-min-expand=100 --param ggc-min-heapsize=131072]
  ignore line: [Compiler executable checksum: bea00ea2685ba75d16926e50b780586b]
  ignore line: [COLLECT_GCC_OPTIONS='-mmacosx-version-min=10.16.2' '-isysroot' '/Applications/Xcode.app/Contents/Developer/Platforms/MacOSX.platform/Developer/SDKs/MacOSX11.0.sdk' '-v' '-o' 'CMakeFiles/cmTC_d4177.dir/CMakeCCompilerABI.c.o' '-c' '-mtune=core2']
  ignore line: [ as -arch x86_64 -force_cpusubtype_ALL -o CMakeFiles/cmTC_d4177.dir/CMakeCCompilerABI.c.o /var/folders/rx/qflrgtpx1g7dpt8mbn7_gs1w0000gn/T//cc54RiUa.s]
  ignore line: [COMPILER_PATH=/usr/local/Cellar/gcc@4.9/4.9.4_2/libexec/gcc/x86_64-apple-darwin17.7.0/4.9.4/:/usr/local/Cellar/gcc@4.9/4.9.4_2/libexec/gcc/x86_64-apple-darwin17.7.0/4.9.4/:/usr/local/Cellar/gcc@4.9/4.9.4_2/libexec/gcc/x86_64-apple-darwin17.7.0/:/usr/local/Cellar/gcc@4.9/4.9.4_2/lib/gcc/4.9/gcc/x86_64-apple-darwin17.7.0/4.9.4/:/usr/local/Cellar/gcc@4.9/4.9.4_2/lib/gcc/4.9/gcc/x86_64-apple-darwin17.7.0/]
  ignore line: [LIBRARY_PATH=/usr/local/Cellar/gcc@4.9/4.9.4_2/lib/gcc/4.9/gcc/x86_64-apple-darwin17.7.0/4.9.4/:/usr/local/Cellar/gcc@4.9/4.9.4_2/lib/gcc/4.9/gcc/x86_64-apple-darwin17.7.0/4.9.4/../../../:/usr/lib/]
  ignore line: [COLLECT_GCC_OPTIONS='-mmacosx-version-min=10.16.2' '-isysroot' '/Applications/Xcode.app/Contents/Developer/Platforms/MacOSX.platform/Developer/SDKs/MacOSX11.0.sdk' '-v' '-o' 'CMakeFiles/cmTC_d4177.dir/CMakeCCompilerABI.c.o' '-c' '-mtune=core2']
  ignore line: [Linking C executable cmTC_d4177]
  ignore line: [/Applications/CLion.app/Contents/bin/cmake/mac/bin/cmake -E cmake_link_script CMakeFiles/cmTC_d4177.dir/link.txt --verbose=1]
  ignore line: [/usr/local/bin/gcc-4.9  -isysroot /Applications/Xcode.app/Contents/Developer/Platforms/MacOSX.platform/Developer/SDKs/MacOSX11.0.sdk -Wl -search_paths_first -Wl -headerpad_max_install_names  -v -Wl -v CMakeFiles/cmTC_d4177.dir/CMakeCCompilerABI.c.o -o cmTC_d4177 ]
  ignore line: [Using built-in specs.]
  ignore line: [COLLECT_GCC=/usr/local/bin/gcc-4.9]
  ignore line: [COLLECT_LTO_WRAPPER=/usr/local/Cellar/gcc@4.9/4.9.4_2/libexec/gcc/x86_64-apple-darwin17.7.0/4.9.4/lto-wrapper]
  ignore line: [Target: x86_64-apple-darwin17.7.0]
  ignore line: [Configured with: ../configure --build=x86_64-apple-darwin17.7.0 --prefix=/usr/local/Cellar/gcc@4.9/4.9.4_2 --libdir=/usr/local/Cellar/gcc@4.9/4.9.4_2/lib/gcc/4.9 --enable-languages=c c++ fortran objc obj-c++ --program-suffix=-4.9 --with-system-zlib --enable-libstdcxx-time=yes --enable-stage1-checking --enable-checking=release --enable-lto --enable-plugin --with-build-config=bootstrap-debug --disable-werror --with-pkgversion='Homebrew GCC 4.9.4_2' --with-bugurl=https://github.com/Homebrew/homebrew-core/issues MAKEINFO=missing --disable-nls --enable-multilib SED=/usr/bin/sed]
  ignore line: [Thread model: posix]
  ignore line: [gcc version 4.9.4 (Homebrew GCC 4.9.4_2) ]
  ignore line: [COMPILER_PATH=/usr/local/Cellar/gcc@4.9/4.9.4_2/libexec/gcc/x86_64-apple-darwin17.7.0/4.9.4/:/usr/local/Cellar/gcc@4.9/4.9.4_2/libexec/gcc/x86_64-apple-darwin17.7.0/4.9.4/:/usr/local/Cellar/gcc@4.9/4.9.4_2/libexec/gcc/x86_64-apple-darwin17.7.0/:/usr/local/Cellar/gcc@4.9/4.9.4_2/lib/gcc/4.9/gcc/x86_64-apple-darwin17.7.0/4.9.4/:/usr/local/Cellar/gcc@4.9/4.9.4_2/lib/gcc/4.9/gcc/x86_64-apple-darwin17.7.0/]
  ignore line: [LIBRARY_PATH=/usr/local/Cellar/gcc@4.9/4.9.4_2/lib/gcc/4.9/gcc/x86_64-apple-darwin17.7.0/4.9.4/:/usr/local/Cellar/gcc@4.9/4.9.4_2/lib/gcc/4.9/gcc/x86_64-apple-darwin17.7.0/4.9.4/../../../:/usr/lib/]
  ignore line: [COLLECT_GCC_OPTIONS='-mmacosx-version-min=10.16.2' '-isysroot' '/Applications/Xcode.app/Contents/Developer/Platforms/MacOSX.platform/Developer/SDKs/MacOSX11.0.sdk' '-v' '-o' 'cmTC_d4177' '-mtune=core2']
  link line: [ /usr/local/Cellar/gcc@4.9/4.9.4_2/libexec/gcc/x86_64-apple-darwin17.7.0/4.9.4/collect2 -dynamic -arch x86_64 -macosx_version_min 10.16.2 -syslibroot /Applications/Xcode.app/Contents/Developer/Platforms/MacOSX.platform/Developer/SDKs/MacOSX11.0.sdk -weak_reference_mismatches non-weak -o cmTC_d4177 -L/usr/local/Cellar/gcc@4.9/4.9.4_2/lib/gcc/4.9/gcc/x86_64-apple-darwin17.7.0/4.9.4 -L/usr/local/Cellar/gcc@4.9/4.9.4_2/lib/gcc/4.9/gcc/x86_64-apple-darwin17.7.0/4.9.4/../../.. -search_paths_first -headerpad_max_install_names -v CMakeFiles/cmTC_d4177.dir/CMakeCCompilerABI.c.o -no_compact_unwind -lSystem -lgcc_ext.10.5 -lgcc -lSystem -v]
    arg [/usr/local/Cellar/gcc@4.9/4.9.4_2/libexec/gcc/x86_64-apple-darwin17.7.0/4.9.4/collect2] ==> ignore
    arg [-dynamic] ==> ignore
    arg [-arch] ==> ignore
    arg [x86_64] ==> ignore
    arg [-macosx_version_min] ==> ignore
    arg [10.16.2] ==> ignore
    arg [-syslibroot] ==> ignore
    arg [/Applications/Xcode.app/Contents/Developer/Platforms/MacOSX.platform/Developer/SDKs/MacOSX11.0.sdk] ==> ignore
    arg [-weak_reference_mismatches] ==> ignore
    arg [non-weak] ==> ignore
    arg [-o] ==> ignore
    arg [cmTC_d4177] ==> ignore
    arg [-L/usr/local/Cellar/gcc@4.9/4.9.4_2/lib/gcc/4.9/gcc/x86_64-apple-darwin17.7.0/4.9.4] ==> dir [/usr/local/Cellar/gcc@4.9/4.9.4_2/lib/gcc/4.9/gcc/x86_64-apple-darwin17.7.0/4.9.4]
    arg [-L/usr/local/Cellar/gcc@4.9/4.9.4_2/lib/gcc/4.9/gcc/x86_64-apple-darwin17.7.0/4.9.4/../../..] ==> dir [/usr/local/Cellar/gcc@4.9/4.9.4_2/lib/gcc/4.9/gcc/x86_64-apple-darwin17.7.0/4.9.4/../../..]
    arg [-search_paths_first] ==> ignore
    arg [-headerpad_max_install_names] ==> ignore
    arg [-v] ==> ignore
    arg [CMakeFiles/cmTC_d4177.dir/CMakeCCompilerABI.c.o] ==> ignore
    arg [-no_compact_unwind] ==> ignore
    arg [-lSystem] ==> lib [System]
    arg [-lgcc_ext.10.5] ==> lib [gcc_ext.10.5]
    arg [-lgcc] ==> lib [gcc]
    arg [-lSystem] ==> lib [System]
    arg [-v] ==> ignore
  Library search paths: [;/usr/local/Cellar/gcc@4.9/4.9.4_2/lib/gcc/4.9/gcc/x86_64-apple-darwin17.7.0/4.9.4;/usr/local/Cellar/gcc@4.9/4.9.4_2/lib/gcc/4.9;/Applications/Xcode.app/Contents/Developer/Platforms/MacOSX.platform/Developer/SDKs/MacOSX11.0.sdk/usr/lib]
  Framework search paths: [;/Applications/Xcode.app/Contents/Developer/Platforms/MacOSX.platform/Developer/SDKs/MacOSX11.0.sdk/System/Library/Frameworks/]
  remove lib [System]
  remove lib [System]
  collapse library dir [/usr/local/Cellar/gcc@4.9/4.9.4_2/lib/gcc/4.9/gcc/x86_64-apple-darwin17.7.0/4.9.4] ==> [/usr/local/Cellar/gcc@4.9/4.9.4_2/lib/gcc/4.9/gcc/x86_64-apple-darwin17.7.0/4.9.4]
  collapse library dir [/usr/local/Cellar/gcc@4.9/4.9.4_2/lib/gcc/4.9/gcc/x86_64-apple-darwin17.7.0/4.9.4/../../..] ==> [/usr/local/Cellar/gcc@4.9/4.9.4_2/lib/gcc/4.9]
  collapse library dir [/usr/local/Cellar/gcc@4.9/4.9.4_2/lib/gcc/4.9/gcc/x86_64-apple-darwin17.7.0/4.9.4] ==> [/usr/local/Cellar/gcc@4.9/4.9.4_2/lib/gcc/4.9/gcc/x86_64-apple-darwin17.7.0/4.9.4]
  collapse library dir [/usr/local/Cellar/gcc@4.9/4.9.4_2/lib/gcc/4.9] ==> [/usr/local/Cellar/gcc@4.9/4.9.4_2/lib/gcc/4.9]
  collapse library dir [/Applications/Xcode.app/Contents/Developer/Platforms/MacOSX.platform/Developer/SDKs/MacOSX11.0.sdk/usr/lib] ==> [/Applications/Xcode.app/Contents/Developer/Platforms/MacOSX.platform/Developer/SDKs/MacOSX11.0.sdk/usr/lib]
  collapse framework dir [/Applications/Xcode.app/Contents/Developer/Platforms/MacOSX.platform/Developer/SDKs/MacOSX11.0.sdk/System/Library/Frameworks/] ==> [/Applications/Xcode.app/Contents/Developer/Platforms/MacOSX.platform/Developer/SDKs/MacOSX11.0.sdk/System/Library/Frameworks]
  implicit libs: [gcc_ext.10.5;gcc]
  implicit dirs: [/usr/local/Cellar/gcc@4.9/4.9.4_2/lib/gcc/4.9/gcc/x86_64-apple-darwin17.7.0/4.9.4;/usr/local/Cellar/gcc@4.9/4.9.4_2/lib/gcc/4.9;/Applications/Xcode.app/Contents/Developer/Platforms/MacOSX.platform/Developer/SDKs/MacOSX11.0.sdk/usr/lib]
  implicit fwks: [/Applications/Xcode.app/Contents/Developer/Platforms/MacOSX.platform/Developer/SDKs/MacOSX11.0.sdk/System/Library/Frameworks]


Detecting CXX compiler ABI info compiled with the following output:
Change Dir: /Users/ymkzpx/CLionProjects/leetcode/cmake-build-debug/CMakeFiles/CMakeTmp

Run Build Command(s):/usr/local/bin/gmake cmTC_8e806/fast && /usr/local/bin/gmake  -f CMakeFiles/cmTC_8e806.dir/build.make CMakeFiles/cmTC_8e806.dir/build
gmake[1]: Entering directory '/Users/ymkzpx/CLionProjects/leetcode/cmake-build-debug/CMakeFiles/CMakeTmp'
Building CXX object CMakeFiles/cmTC_8e806.dir/CMakeCXXCompilerABI.cpp.o
/usr/local/bin/g++-4.9   -isysroot /Applications/Xcode.app/Contents/Developer/Platforms/MacOSX.platform/Developer/SDKs/MacOSX11.0.sdk   -v -Wl,-v -o CMakeFiles/cmTC_8e806.dir/CMakeCXXCompilerABI.cpp.o -c /Applications/CLion.app/Contents/bin/cmake/mac/share/cmake-3.19/Modules/CMakeCXXCompilerABI.cpp
Using built-in specs.
COLLECT_GCC=/usr/local/bin/g++-4.9
Target: x86_64-apple-darwin17.7.0
Configured with: ../configure --build=x86_64-apple-darwin17.7.0 --prefix=/usr/local/Cellar/gcc@4.9/4.9.4_2 --libdir=/usr/local/Cellar/gcc@4.9/4.9.4_2/lib/gcc/4.9 --enable-languages=c,c++,fortran,objc,obj-c++ --program-suffix=-4.9 --with-system-zlib --enable-libstdcxx-time=yes --enable-stage1-checking --enable-checking=release --enable-lto --enable-plugin --with-build-config=bootstrap-debug --disable-werror --with-pkgversion='Homebrew GCC 4.9.4_2' --with-bugurl=https://github.com/Homebrew/homebrew-core/issues MAKEINFO=missing --disable-nls --enable-multilib SED=/usr/bin/sed
Thread model: posix
gcc version 4.9.4 (Homebrew GCC 4.9.4_2) 
COLLECT_GCC_OPTIONS='-mmacosx-version-min=10.16.2' '-isysroot' '/Applications/Xcode.app/Contents/Developer/Platforms/MacOSX.platform/Developer/SDKs/MacOSX11.0.sdk' '-v' '-o' 'CMakeFiles/cmTC_8e806.dir/CMakeCXXCompilerABI.cpp.o' '-c' '-shared-libgcc' '-mtune=core2'
 /usr/local/Cellar/gcc@4.9/4.9.4_2/libexec/gcc/x86_64-apple-darwin17.7.0/4.9.4/cc1plus -quiet -v -D__DYNAMIC__ -isysroot /Applications/Xcode.app/Contents/Developer/Platforms/MacOSX.platform/Developer/SDKs/MacOSX11.0.sdk /Applications/CLion.app/Contents/bin/cmake/mac/share/cmake-3.19/Modules/CMakeCXXCompilerABI.cpp -fPIC -quiet -dumpbase CMakeCXXCompilerABI.cpp -mmacosx-version-min=10.16.2 -mtune=core2 -auxbase-strip CMakeFiles/cmTC_8e806.dir/CMakeCXXCompilerABI.cpp.o -version -o /var/folders/rx/qflrgtpx1g7dpt8mbn7_gs1w0000gn/T//ccnf5SeZ.s
GNU C++ (Homebrew GCC 4.9.4_2) version 4.9.4 (x86_64-apple-darwin17.7.0)
	compiled by GNU C version 4.9.4, GMP version 4.3.2, MPFR version 2.4.2, MPC version 0.8.1
GGC heuristics: --param ggc-min-expand=100 --param ggc-min-heapsize=131072
ignoring nonexistent directory "/Applications/Xcode.app/Contents/Developer/Platforms/MacOSX.platform/Developer/SDKs/MacOSX11.0.sdk/usr/local/include"
ignoring nonexistent directory "/usr/local/Cellar/gcc@4.9/4.9.4_2/lib/gcc/4.9/gcc/x86_64-apple-darwin17.7.0/4.9.4/../../../../../../x86_64-apple-darwin17.7.0/include"
ignoring nonexistent directory "/Applications/Xcode.app/Contents/Developer/Platforms/MacOSX.platform/Developer/SDKs/MacOSX11.0.sdk/Library/Frameworks"
#include "..." search starts here:
#include <...> search starts here:
 /usr/local/Cellar/gcc@4.9/4.9.4_2/lib/gcc/4.9/gcc/x86_64-apple-darwin17.7.0/4.9.4/../../../../../../include/c++/4.9.4
 /usr/local/Cellar/gcc@4.9/4.9.4_2/lib/gcc/4.9/gcc/x86_64-apple-darwin17.7.0/4.9.4/../../../../../../include/c++/4.9.4/x86_64-apple-darwin17.7.0
 /usr/local/Cellar/gcc@4.9/4.9.4_2/lib/gcc/4.9/gcc/x86_64-apple-darwin17.7.0/4.9.4/../../../../../../include/c++/4.9.4/backward
 /usr/local/Cellar/gcc@4.9/4.9.4_2/lib/gcc/4.9/gcc/x86_64-apple-darwin17.7.0/4.9.4/include
 /usr/local/Cellar/gcc@4.9/4.9.4_2/include
 /usr/local/Cellar/gcc@4.9/4.9.4_2/lib/gcc/4.9/gcc/x86_64-apple-darwin17.7.0/4.9.4/include-fixed
 /Applications/Xcode.app/Contents/Developer/Platforms/MacOSX.platform/Developer/SDKs/MacOSX11.0.sdk/usr/include
 /Applications/Xcode.app/Contents/Developer/Platforms/MacOSX.platform/Developer/SDKs/MacOSX11.0.sdk/System/Library/Frameworks
End of search list.
GNU C++ (Homebrew GCC 4.9.4_2) version 4.9.4 (x86_64-apple-darwin17.7.0)
	compiled by GNU C version 4.9.4, GMP version 4.3.2, MPFR version 2.4.2, MPC version 0.8.1
GGC heuristics: --param ggc-min-expand=100 --param ggc-min-heapsize=131072
Compiler executable checksum: b70e3bf7fded6646b0457ce111c0efbd
COLLECT_GCC_OPTIONS='-mmacosx-version-min=10.16.2' '-isysroot' '/Applications/Xcode.app/Contents/Developer/Platforms/MacOSX.platform/Developer/SDKs/MacOSX11.0.sdk' '-v' '-o' 'CMakeFiles/cmTC_8e806.dir/CMakeCXXCompilerABI.cpp.o' '-c' '-shared-libgcc' '-mtune=core2'
 as -arch x86_64 -force_cpusubtype_ALL -o CMakeFiles/cmTC_8e806.dir/CMakeCXXCompilerABI.cpp.o /var/folders/rx/qflrgtpx1g7dpt8mbn7_gs1w0000gn/T//ccnf5SeZ.s
COMPILER_PATH=/usr/local/Cellar/gcc@4.9/4.9.4_2/libexec/gcc/x86_64-apple-darwin17.7.0/4.9.4/:/usr/local/Cellar/gcc@4.9/4.9.4_2/libexec/gcc/x86_64-apple-darwin17.7.0/4.9.4/:/usr/local/Cellar/gcc@4.9/4.9.4_2/libexec/gcc/x86_64-apple-darwin17.7.0/:/usr/local/Cellar/gcc@4.9/4.9.4_2/lib/gcc/4.9/gcc/x86_64-apple-darwin17.7.0/4.9.4/:/usr/local/Cellar/gcc@4.9/4.9.4_2/lib/gcc/4.9/gcc/x86_64-apple-darwin17.7.0/
LIBRARY_PATH=/usr/local/Cellar/gcc@4.9/4.9.4_2/lib/gcc/4.9/gcc/x86_64-apple-darwin17.7.0/4.9.4/:/usr/local/Cellar/gcc@4.9/4.9.4_2/lib/gcc/4.9/gcc/x86_64-apple-darwin17.7.0/4.9.4/../../../:/usr/lib/
COLLECT_GCC_OPTIONS='-mmacosx-version-min=10.16.2' '-isysroot' '/Applications/Xcode.app/Contents/Developer/Platforms/MacOSX.platform/Developer/SDKs/MacOSX11.0.sdk' '-v' '-o' 'CMakeFiles/cmTC_8e806.dir/CMakeCXXCompilerABI.cpp.o' '-c' '-shared-libgcc' '-mtune=core2'
Linking CXX executable cmTC_8e806
/Applications/CLion.app/Contents/bin/cmake/mac/bin/cmake -E cmake_link_script CMakeFiles/cmTC_8e806.dir/link.txt --verbose=1
/usr/local/bin/g++-4.9  -isysroot /Applications/Xcode.app/Contents/Developer/Platforms/MacOSX.platform/Developer/SDKs/MacOSX11.0.sdk -Wl,-search_paths_first -Wl,-headerpad_max_install_names  -v -Wl,-v CMakeFiles/cmTC_8e806.dir/CMakeCXXCompilerABI.cpp.o -o cmTC_8e806 
Using built-in specs.
COLLECT_GCC=/usr/local/bin/g++-4.9
COLLECT_LTO_WRAPPER=/usr/local/Cellar/gcc@4.9/4.9.4_2/libexec/gcc/x86_64-apple-darwin17.7.0/4.9.4/lto-wrapper
Target: x86_64-apple-darwin17.7.0
Configured with: ../configure --build=x86_64-apple-darwin17.7.0 --prefix=/usr/local/Cellar/gcc@4.9/4.9.4_2 --libdir=/usr/local/Cellar/gcc@4.9/4.9.4_2/lib/gcc/4.9 --enable-languages=c,c++,fortran,objc,obj-c++ --program-suffix=-4.9 --with-system-zlib --enable-libstdcxx-time=yes --enable-stage1-checking --enable-checking=release --enable-lto --enable-plugin --with-build-config=bootstrap-debug --disable-werror --with-pkgversion='Homebrew GCC 4.9.4_2' --with-bugurl=https://github.com/Homebrew/homebrew-core/issues MAKEINFO=missing --disable-nls --enable-multilib SED=/usr/bin/sed
Thread model: posix
gcc version 4.9.4 (Homebrew GCC 4.9.4_2) 
COMPILER_PATH=/usr/local/Cellar/gcc@4.9/4.9.4_2/libexec/gcc/x86_64-apple-darwin17.7.0/4.9.4/:/usr/local/Cellar/gcc@4.9/4.9.4_2/libexec/gcc/x86_64-apple-darwin17.7.0/4.9.4/:/usr/local/Cellar/gcc@4.9/4.9.4_2/libexec/gcc/x86_64-apple-darwin17.7.0/:/usr/local/Cellar/gcc@4.9/4.9.4_2/lib/gcc/4.9/gcc/x86_64-apple-darwin17.7.0/4.9.4/:/usr/local/Cellar/gcc@4.9/4.9.4_2/lib/gcc/4.9/gcc/x86_64-apple-darwin17.7.0/
LIBRARY_PATH=/usr/local/Cellar/gcc@4.9/4.9.4_2/lib/gcc/4.9/gcc/x86_64-apple-darwin17.7.0/4.9.4/:/usr/local/Cellar/gcc@4.9/4.9.4_2/lib/gcc/4.9/gcc/x86_64-apple-darwin17.7.0/4.9.4/../../../:/usr/lib/
COLLECT_GCC_OPTIONS='-mmacosx-version-min=10.16.2' '-isysroot' '/Applications/Xcode.app/Contents/Developer/Platforms/MacOSX.platform/Developer/SDKs/MacOSX11.0.sdk' '-v' '-o' 'cmTC_8e806' '-shared-libgcc' '-mtune=core2'
 /usr/local/Cellar/gcc@4.9/4.9.4_2/libexec/gcc/x86_64-apple-darwin17.7.0/4.9.4/collect2 -dynamic -arch x86_64 -macosx_version_min 10.16.2 -syslibroot /Applications/Xcode.app/Contents/Developer/Platforms/MacOSX.platform/Developer/SDKs/MacOSX11.0.sdk -weak_reference_mismatches non-weak -o cmTC_8e806 -L/usr/local/Cellar/gcc@4.9/4.9.4_2/lib/gcc/4.9/gcc/x86_64-apple-darwin17.7.0/4.9.4 -L/usr/local/Cellar/gcc@4.9/4.9.4_2/lib/gcc/4.9/gcc/x86_64-apple-darwin17.7.0/4.9.4/../../.. -search_paths_first -headerpad_max_install_names -v CMakeFiles/cmTC_8e806.dir/CMakeCXXCompilerABI.cpp.o -lstdc++ -no_compact_unwind -lSystem -lgcc_ext.10.5 -lgcc -lSystem -v
collect2 version 4.9.4
/usr/bin/ld -dynamic -arch x86_64 -macosx_version_min 10.16.2 -syslibroot /Applications/Xcode.app/Contents/Developer/Platforms/MacOSX.platform/Developer/SDKs/MacOSX11.0.sdk -weak_reference_mismatches non-weak -o cmTC_8e806 -L/usr/local/Cellar/gcc@4.9/4.9.4_2/lib/gcc/4.9/gcc/x86_64-apple-darwin17.7.0/4.9.4 -L/usr/local/Cellar/gcc@4.9/4.9.4_2/lib/gcc/4.9/gcc/x86_64-apple-darwin17.7.0/4.9.4/../../.. -search_paths_first -headerpad_max_install_names -v CMakeFiles/cmTC_8e806.dir/CMakeCXXCompilerABI.cpp.o -lstdc++ -no_compact_unwind -lSystem -lgcc_ext.10.5 -lgcc -lSystem -v
@(#)PROGRAM:ld  PROJECT:ld64-609.7
BUILD 18:10:07 Oct 19 2020
configured to support archs: armv6 armv7 armv7s arm64 arm64e arm64_32 i386 x86_64 x86_64h armv6m armv7k armv7m armv7em
@(#)PROGRAM:ld  PROJECT:ld64-609.7
BUILD 18:10:07 Oct 19 2020
configured to support archs: armv6 armv7 armv7s arm64 arm64e arm64_32 i386 x86_64 x86_64h armv6m armv7k armv7m armv7em
Library search paths:
	/usr/local/Cellar/gcc@4.9/4.9.4_2/lib/gcc/4.9/gcc/x86_64-apple-darwin17.7.0/4.9.4
	/usr/local/Cellar/gcc@4.9/4.9.4_2/lib/gcc/4.9
	/Applications/Xcode.app/Contents/Developer/Platforms/MacOSX.platform/Developer/SDKs/MacOSX11.0.sdk/usr/lib
Framework search paths:
	/Applications/Xcode.app/Contents/Developer/Platforms/MacOSX.platform/Developer/SDKs/MacOSX11.0.sdk/System/Library/Frameworks/
ld: warning: object file (CMakeFiles/cmTC_8e806.dir/CMakeCXXCompilerABI.cpp.o) was built for newer macOS version (11.0) than being linked (10.16.2)
 /usr/bin/nm -n CMakeFiles/cmTC_8e806.dir/CMakeCXXCompilerABI.cpp.o
gmake[1]: Leaving directory '/Users/ymkzpx/CLionProjects/leetcode/cmake-build-debug/CMakeFiles/CMakeTmp'



Parsed CXX implicit include dir info from above output: rv=done
  found start of include info
  found start of implicit include info
    add: [/usr/local/Cellar/gcc@4.9/4.9.4_2/lib/gcc/4.9/gcc/x86_64-apple-darwin17.7.0/4.9.4/../../../../../../include/c++/4.9.4]
    add: [/usr/local/Cellar/gcc@4.9/4.9.4_2/lib/gcc/4.9/gcc/x86_64-apple-darwin17.7.0/4.9.4/../../../../../../include/c++/4.9.4/x86_64-apple-darwin17.7.0]
    add: [/usr/local/Cellar/gcc@4.9/4.9.4_2/lib/gcc/4.9/gcc/x86_64-apple-darwin17.7.0/4.9.4/../../../../../../include/c++/4.9.4/backward]
    add: [/usr/local/Cellar/gcc@4.9/4.9.4_2/lib/gcc/4.9/gcc/x86_64-apple-darwin17.7.0/4.9.4/include]
    add: [/usr/local/Cellar/gcc@4.9/4.9.4_2/include]
    add: [/usr/local/Cellar/gcc@4.9/4.9.4_2/lib/gcc/4.9/gcc/x86_64-apple-darwin17.7.0/4.9.4/include-fixed]
    add: [/Applications/Xcode.app/Contents/Developer/Platforms/MacOSX.platform/Developer/SDKs/MacOSX11.0.sdk/usr/include]
    add: [/Applications/Xcode.app/Contents/Developer/Platforms/MacOSX.platform/Developer/SDKs/MacOSX11.0.sdk/System/Library/Frameworks]
  end of search list found
  collapse include dir [/usr/local/Cellar/gcc@4.9/4.9.4_2/lib/gcc/4.9/gcc/x86_64-apple-darwin17.7.0/4.9.4/../../../../../../include/c++/4.9.4] ==> [/usr/local/Cellar/gcc@4.9/4.9.4_2/include/c++/4.9.4]
  collapse include dir [/usr/local/Cellar/gcc@4.9/4.9.4_2/lib/gcc/4.9/gcc/x86_64-apple-darwin17.7.0/4.9.4/../../../../../../include/c++/4.9.4/x86_64-apple-darwin17.7.0] ==> [/usr/local/Cellar/gcc@4.9/4.9.4_2/include/c++/4.9.4/x86_64-apple-darwin17.7.0]
  collapse include dir [/usr/local/Cellar/gcc@4.9/4.9.4_2/lib/gcc/4.9/gcc/x86_64-apple-darwin17.7.0/4.9.4/../../../../../../include/c++/4.9.4/backward] ==> [/usr/local/Cellar/gcc@4.9/4.9.4_2/include/c++/4.9.4/backward]
  collapse include dir [/usr/local/Cellar/gcc@4.9/4.9.4_2/lib/gcc/4.9/gcc/x86_64-apple-darwin17.7.0/4.9.4/include] ==> [/usr/local/Cellar/gcc@4.9/4.9.4_2/lib/gcc/4.9/gcc/x86_64-apple-darwin17.7.0/4.9.4/include]
  collapse include dir [/usr/local/Cellar/gcc@4.9/4.9.4_2/include] ==> [/usr/local/Cellar/gcc@4.9/4.9.4_2/include]
  collapse include dir [/usr/local/Cellar/gcc@4.9/4.9.4_2/lib/gcc/4.9/gcc/x86_64-apple-darwin17.7.0/4.9.4/include-fixed] ==> [/usr/local/Cellar/gcc@4.9/4.9.4_2/lib/gcc/4.9/gcc/x86_64-apple-darwin17.7.0/4.9.4/include-fixed]
  collapse include dir [/Applications/Xcode.app/Contents/Developer/Platforms/MacOSX.platform/Developer/SDKs/MacOSX11.0.sdk/usr/include] ==> [/Applications/Xcode.app/Contents/Developer/Platforms/MacOSX.platform/Developer/SDKs/MacOSX11.0.sdk/usr/include]
  collapse include dir [/Applications/Xcode.app/Contents/Developer/Platforms/MacOSX.platform/Developer/SDKs/MacOSX11.0.sdk/System/Library/Frameworks] ==> [/Applications/Xcode.app/Contents/Developer/Platforms/MacOSX.platform/Developer/SDKs/MacOSX11.0.sdk/System/Library/Frameworks]
  implicit include dirs: [/usr/local/Cellar/gcc@4.9/4.9.4_2/include/c++/4.9.4;/usr/local/Cellar/gcc@4.9/4.9.4_2/include/c++/4.9.4/x86_64-apple-darwin17.7.0;/usr/local/Cellar/gcc@4.9/4.9.4_2/include/c++/4.9.4/backward;/usr/local/Cellar/gcc@4.9/4.9.4_2/lib/gcc/4.9/gcc/x86_64-apple-darwin17.7.0/4.9.4/include;/usr/local/Cellar/gcc@4.9/4.9.4_2/include;/usr/local/Cellar/gcc@4.9/4.9.4_2/lib/gcc/4.9/gcc/x86_64-apple-darwin17.7.0/4.9.4/include-fixed;/Applications/Xcode.app/Contents/Developer/Platforms/MacOSX.platform/Developer/SDKs/MacOSX11.0.sdk/usr/include;/Applications/Xcode.app/Contents/Developer/Platforms/MacOSX.platform/Developer/SDKs/MacOSX11.0.sdk/System/Library/Frameworks]


Parsed CXX implicit link information from above output:
  link line regex: [^( *|.*[/\])(ld|CMAKE_LINK_STARTFILE-NOTFOUND|([^/\]+-)?ld|collect2)[^/\]*( |$)]
  ignore line: [Change Dir: /Users/ymkzpx/CLionProjects/leetcode/cmake-build-debug/CMakeFiles/CMakeTmp]
  ignore line: []
  ignore line: [Run Build Command(s):/usr/local/bin/gmake cmTC_8e806/fast && /usr/local/bin/gmake  -f CMakeFiles/cmTC_8e806.dir/build.make CMakeFiles/cmTC_8e806.dir/build]
  ignore line: [gmake[1]: Entering directory '/Users/ymkzpx/CLionProjects/leetcode/cmake-build-debug/CMakeFiles/CMakeTmp']
  ignore line: [Building CXX object CMakeFiles/cmTC_8e806.dir/CMakeCXXCompilerABI.cpp.o]
  ignore line: [/usr/local/bin/g++-4.9   -isysroot /Applications/Xcode.app/Contents/Developer/Platforms/MacOSX.platform/Developer/SDKs/MacOSX11.0.sdk   -v -Wl -v -o CMakeFiles/cmTC_8e806.dir/CMakeCXXCompilerABI.cpp.o -c /Applications/CLion.app/Contents/bin/cmake/mac/share/cmake-3.19/Modules/CMakeCXXCompilerABI.cpp]
  ignore line: [Using built-in specs.]
  ignore line: [COLLECT_GCC=/usr/local/bin/g++-4.9]
  ignore line: [Target: x86_64-apple-darwin17.7.0]
  ignore line: [Configured with: ../configure --build=x86_64-apple-darwin17.7.0 --prefix=/usr/local/Cellar/gcc@4.9/4.9.4_2 --libdir=/usr/local/Cellar/gcc@4.9/4.9.4_2/lib/gcc/4.9 --enable-languages=c c++ fortran objc obj-c++ --program-suffix=-4.9 --with-system-zlib --enable-libstdcxx-time=yes --enable-stage1-checking --enable-checking=release --enable-lto --enable-plugin --with-build-config=bootstrap-debug --disable-werror --with-pkgversion='Homebrew GCC 4.9.4_2' --with-bugurl=https://github.com/Homebrew/homebrew-core/issues MAKEINFO=missing --disable-nls --enable-multilib SED=/usr/bin/sed]
  ignore line: [Thread model: posix]
  ignore line: [gcc version 4.9.4 (Homebrew GCC 4.9.4_2) ]
  ignore line: [COLLECT_GCC_OPTIONS='-mmacosx-version-min=10.16.2' '-isysroot' '/Applications/Xcode.app/Contents/Developer/Platforms/MacOSX.platform/Developer/SDKs/MacOSX11.0.sdk' '-v' '-o' 'CMakeFiles/cmTC_8e806.dir/CMakeCXXCompilerABI.cpp.o' '-c' '-shared-libgcc' '-mtune=core2']
  ignore line: [ /usr/local/Cellar/gcc@4.9/4.9.4_2/libexec/gcc/x86_64-apple-darwin17.7.0/4.9.4/cc1plus -quiet -v -D__DYNAMIC__ -isysroot /Applications/Xcode.app/Contents/Developer/Platforms/MacOSX.platform/Developer/SDKs/MacOSX11.0.sdk /Applications/CLion.app/Contents/bin/cmake/mac/share/cmake-3.19/Modules/CMakeCXXCompilerABI.cpp -fPIC -quiet -dumpbase CMakeCXXCompilerABI.cpp -mmacosx-version-min=10.16.2 -mtune=core2 -auxbase-strip CMakeFiles/cmTC_8e806.dir/CMakeCXXCompilerABI.cpp.o -version -o /var/folders/rx/qflrgtpx1g7dpt8mbn7_gs1w0000gn/T//ccnf5SeZ.s]
  ignore line: [GNU C++ (Homebrew GCC 4.9.4_2) version 4.9.4 (x86_64-apple-darwin17.7.0)]
  ignore line: [	compiled by GNU C version 4.9.4  GMP version 4.3.2  MPFR version 2.4.2  MPC version 0.8.1]
  ignore line: [GGC heuristics: --param ggc-min-expand=100 --param ggc-min-heapsize=131072]
  ignore line: [ignoring nonexistent directory "/Applications/Xcode.app/Contents/Developer/Platforms/MacOSX.platform/Developer/SDKs/MacOSX11.0.sdk/usr/local/include"]
  ignore line: [ignoring nonexistent directory "/usr/local/Cellar/gcc@4.9/4.9.4_2/lib/gcc/4.9/gcc/x86_64-apple-darwin17.7.0/4.9.4/../../../../../../x86_64-apple-darwin17.7.0/include"]
  ignore line: [ignoring nonexistent directory "/Applications/Xcode.app/Contents/Developer/Platforms/MacOSX.platform/Developer/SDKs/MacOSX11.0.sdk/Library/Frameworks"]
  ignore line: [#include "..." search starts here:]
  ignore line: [#include <...> search starts here:]
  ignore line: [ /usr/local/Cellar/gcc@4.9/4.9.4_2/lib/gcc/4.9/gcc/x86_64-apple-darwin17.7.0/4.9.4/../../../../../../include/c++/4.9.4]
  ignore line: [ /usr/local/Cellar/gcc@4.9/4.9.4_2/lib/gcc/4.9/gcc/x86_64-apple-darwin17.7.0/4.9.4/../../../../../../include/c++/4.9.4/x86_64-apple-darwin17.7.0]
  ignore line: [ /usr/local/Cellar/gcc@4.9/4.9.4_2/lib/gcc/4.9/gcc/x86_64-apple-darwin17.7.0/4.9.4/../../../../../../include/c++/4.9.4/backward]
  ignore line: [ /usr/local/Cellar/gcc@4.9/4.9.4_2/lib/gcc/4.9/gcc/x86_64-apple-darwin17.7.0/4.9.4/include]
  ignore line: [ /usr/local/Cellar/gcc@4.9/4.9.4_2/include]
  ignore line: [ /usr/local/Cellar/gcc@4.9/4.9.4_2/lib/gcc/4.9/gcc/x86_64-apple-darwin17.7.0/4.9.4/include-fixed]
  ignore line: [ /Applications/Xcode.app/Contents/Developer/Platforms/MacOSX.platform/Developer/SDKs/MacOSX11.0.sdk/usr/include]
  ignore line: [ /Applications/Xcode.app/Contents/Developer/Platforms/MacOSX.platform/Developer/SDKs/MacOSX11.0.sdk/System/Library/Frameworks]
  ignore line: [End of search list.]
  ignore line: [GNU C++ (Homebrew GCC 4.9.4_2) version 4.9.4 (x86_64-apple-darwin17.7.0)]
  ignore line: [	compiled by GNU C version 4.9.4  GMP version 4.3.2  MPFR version 2.4.2  MPC version 0.8.1]
  ignore line: [GGC heuristics: --param ggc-min-expand=100 --param ggc-min-heapsize=131072]
  ignore line: [Compiler executable checksum: b70e3bf7fded6646b0457ce111c0efbd]
  ignore line: [COLLECT_GCC_OPTIONS='-mmacosx-version-min=10.16.2' '-isysroot' '/Applications/Xcode.app/Contents/Developer/Platforms/MacOSX.platform/Developer/SDKs/MacOSX11.0.sdk' '-v' '-o' 'CMakeFiles/cmTC_8e806.dir/CMakeCXXCompilerABI.cpp.o' '-c' '-shared-libgcc' '-mtune=core2']
  ignore line: [ as -arch x86_64 -force_cpusubtype_ALL -o CMakeFiles/cmTC_8e806.dir/CMakeCXXCompilerABI.cpp.o /var/folders/rx/qflrgtpx1g7dpt8mbn7_gs1w0000gn/T//ccnf5SeZ.s]
  ignore line: [COMPILER_PATH=/usr/local/Cellar/gcc@4.9/4.9.4_2/libexec/gcc/x86_64-apple-darwin17.7.0/4.9.4/:/usr/local/Cellar/gcc@4.9/4.9.4_2/libexec/gcc/x86_64-apple-darwin17.7.0/4.9.4/:/usr/local/Cellar/gcc@4.9/4.9.4_2/libexec/gcc/x86_64-apple-darwin17.7.0/:/usr/local/Cellar/gcc@4.9/4.9.4_2/lib/gcc/4.9/gcc/x86_64-apple-darwin17.7.0/4.9.4/:/usr/local/Cellar/gcc@4.9/4.9.4_2/lib/gcc/4.9/gcc/x86_64-apple-darwin17.7.0/]
  ignore line: [LIBRARY_PATH=/usr/local/Cellar/gcc@4.9/4.9.4_2/lib/gcc/4.9/gcc/x86_64-apple-darwin17.7.0/4.9.4/:/usr/local/Cellar/gcc@4.9/4.9.4_2/lib/gcc/4.9/gcc/x86_64-apple-darwin17.7.0/4.9.4/../../../:/usr/lib/]
  ignore line: [COLLECT_GCC_OPTIONS='-mmacosx-version-min=10.16.2' '-isysroot' '/Applications/Xcode.app/Contents/Developer/Platforms/MacOSX.platform/Developer/SDKs/MacOSX11.0.sdk' '-v' '-o' 'CMakeFiles/cmTC_8e806.dir/CMakeCXXCompilerABI.cpp.o' '-c' '-shared-libgcc' '-mtune=core2']
  ignore line: [Linking CXX executable cmTC_8e806]
  ignore line: [/Applications/CLion.app/Contents/bin/cmake/mac/bin/cmake -E cmake_link_script CMakeFiles/cmTC_8e806.dir/link.txt --verbose=1]
  ignore line: [/usr/local/bin/g++-4.9  -isysroot /Applications/Xcode.app/Contents/Developer/Platforms/MacOSX.platform/Developer/SDKs/MacOSX11.0.sdk -Wl -search_paths_first -Wl -headerpad_max_install_names  -v -Wl -v CMakeFiles/cmTC_8e806.dir/CMakeCXXCompilerABI.cpp.o -o cmTC_8e806 ]
  ignore line: [Using built-in specs.]
  ignore line: [COLLECT_GCC=/usr/local/bin/g++-4.9]
  ignore line: [COLLECT_LTO_WRAPPER=/usr/local/Cellar/gcc@4.9/4.9.4_2/libexec/gcc/x86_64-apple-darwin17.7.0/4.9.4/lto-wrapper]
  ignore line: [Target: x86_64-apple-darwin17.7.0]
  ignore line: [Configured with: ../configure --build=x86_64-apple-darwin17.7.0 --prefix=/usr/local/Cellar/gcc@4.9/4.9.4_2 --libdir=/usr/local/Cellar/gcc@4.9/4.9.4_2/lib/gcc/4.9 --enable-languages=c c++ fortran objc obj-c++ --program-suffix=-4.9 --with-system-zlib --enable-libstdcxx-time=yes --enable-stage1-checking --enable-checking=release --enable-lto --enable-plugin --with-build-config=bootstrap-debug --disable-werror --with-pkgversion='Homebrew GCC 4.9.4_2' --with-bugurl=https://github.com/Homebrew/homebrew-core/issues MAKEINFO=missing --disable-nls --enable-multilib SED=/usr/bin/sed]
  ignore line: [Thread model: posix]
  ignore line: [gcc version 4.9.4 (Homebrew GCC 4.9.4_2) ]
  ignore line: [COMPILER_PATH=/usr/local/Cellar/gcc@4.9/4.9.4_2/libexec/gcc/x86_64-apple-darwin17.7.0/4.9.4/:/usr/local/Cellar/gcc@4.9/4.9.4_2/libexec/gcc/x86_64-apple-darwin17.7.0/4.9.4/:/usr/local/Cellar/gcc@4.9/4.9.4_2/libexec/gcc/x86_64-apple-darwin17.7.0/:/usr/local/Cellar/gcc@4.9/4.9.4_2/lib/gcc/4.9/gcc/x86_64-apple-darwin17.7.0/4.9.4/:/usr/local/Cellar/gcc@4.9/4.9.4_2/lib/gcc/4.9/gcc/x86_64-apple-darwin17.7.0/]
  ignore line: [LIBRARY_PATH=/usr/local/Cellar/gcc@4.9/4.9.4_2/lib/gcc/4.9/gcc/x86_64-apple-darwin17.7.0/4.9.4/:/usr/local/Cellar/gcc@4.9/4.9.4_2/lib/gcc/4.9/gcc/x86_64-apple-darwin17.7.0/4.9.4/../../../:/usr/lib/]
  ignore line: [COLLECT_GCC_OPTIONS='-mmacosx-version-min=10.16.2' '-isysroot' '/Applications/Xcode.app/Contents/Developer/Platforms/MacOSX.platform/Developer/SDKs/MacOSX11.0.sdk' '-v' '-o' 'cmTC_8e806' '-shared-libgcc' '-mtune=core2']
  link line: [ /usr/local/Cellar/gcc@4.9/4.9.4_2/libexec/gcc/x86_64-apple-darwin17.7.0/4.9.4/collect2 -dynamic -arch x86_64 -macosx_version_min 10.16.2 -syslibroot /Applications/Xcode.app/Contents/Developer/Platforms/MacOSX.platform/Developer/SDKs/MacOSX11.0.sdk -weak_reference_mismatches non-weak -o cmTC_8e806 -L/usr/local/Cellar/gcc@4.9/4.9.4_2/lib/gcc/4.9/gcc/x86_64-apple-darwin17.7.0/4.9.4 -L/usr/local/Cellar/gcc@4.9/4.9.4_2/lib/gcc/4.9/gcc/x86_64-apple-darwin17.7.0/4.9.4/../../.. -search_paths_first -headerpad_max_install_names -v CMakeFiles/cmTC_8e806.dir/CMakeCXXCompilerABI.cpp.o -lstdc++ -no_compact_unwind -lSystem -lgcc_ext.10.5 -lgcc -lSystem -v]
    arg [/usr/local/Cellar/gcc@4.9/4.9.4_2/libexec/gcc/x86_64-apple-darwin17.7.0/4.9.4/collect2] ==> ignore
    arg [-dynamic] ==> ignore
    arg [-arch] ==> ignore
    arg [x86_64] ==> ignore
    arg [-macosx_version_min] ==> ignore
    arg [10.16.2] ==> ignore
    arg [-syslibroot] ==> ignore
    arg [/Applications/Xcode.app/Contents/Developer/Platforms/MacOSX.platform/Developer/SDKs/MacOSX11.0.sdk] ==> ignore
    arg [-weak_reference_mismatches] ==> ignore
    arg [non-weak] ==> ignore
    arg [-o] ==> ignore
    arg [cmTC_8e806] ==> ignore
    arg [-L/usr/local/Cellar/gcc@4.9/4.9.4_2/lib/gcc/4.9/gcc/x86_64-apple-darwin17.7.0/4.9.4] ==> dir [/usr/local/Cellar/gcc@4.9/4.9.4_2/lib/gcc/4.9/gcc/x86_64-apple-darwin17.7.0/4.9.4]
    arg [-L/usr/local/Cellar/gcc@4.9/4.9.4_2/lib/gcc/4.9/gcc/x86_64-apple-darwin17.7.0/4.9.4/../../..] ==> dir [/usr/local/Cellar/gcc@4.9/4.9.4_2/lib/gcc/4.9/gcc/x86_64-apple-darwin17.7.0/4.9.4/../../..]
    arg [-search_paths_first] ==> ignore
    arg [-headerpad_max_install_names] ==> ignore
    arg [-v] ==> ignore
    arg [CMakeFiles/cmTC_8e806.dir/CMakeCXXCompilerABI.cpp.o] ==> ignore
    arg [-lstdc++] ==> lib [stdc++]
    arg [-no_compact_unwind] ==> ignore
    arg [-lSystem] ==> lib [System]
    arg [-lgcc_ext.10.5] ==> lib [gcc_ext.10.5]
    arg [-lgcc] ==> lib [gcc]
    arg [-lSystem] ==> lib [System]
    arg [-v] ==> ignore
  Library search paths: [;/usr/local/Cellar/gcc@4.9/4.9.4_2/lib/gcc/4.9/gcc/x86_64-apple-darwin17.7.0/4.9.4;/usr/local/Cellar/gcc@4.9/4.9.4_2/lib/gcc/4.9;/Applications/Xcode.app/Contents/Developer/Platforms/MacOSX.platform/Developer/SDKs/MacOSX11.0.sdk/usr/lib]
  Framework search paths: [;/Applications/Xcode.app/Contents/Developer/Platforms/MacOSX.platform/Developer/SDKs/MacOSX11.0.sdk/System/Library/Frameworks/]
  remove lib [System]
  remove lib [System]
  collapse library dir [/usr/local/Cellar/gcc@4.9/4.9.4_2/lib/gcc/4.9/gcc/x86_64-apple-darwin17.7.0/4.9.4] ==> [/usr/local/Cellar/gcc@4.9/4.9.4_2/lib/gcc/4.9/gcc/x86_64-apple-darwin17.7.0/4.9.4]
  collapse library dir [/usr/local/Cellar/gcc@4.9/4.9.4_2/lib/gcc/4.9/gcc/x86_64-apple-darwin17.7.0/4.9.4/../../..] ==> [/usr/local/Cellar/gcc@4.9/4.9.4_2/lib/gcc/4.9]
  collapse library dir [/usr/local/Cellar/gcc@4.9/4.9.4_2/lib/gcc/4.9/gcc/x86_64-apple-darwin17.7.0/4.9.4] ==> [/usr/local/Cellar/gcc@4.9/4.9.4_2/lib/gcc/4.9/gcc/x86_64-apple-darwin17.7.0/4.9.4]
  collapse library dir [/usr/local/Cellar/gcc@4.9/4.9.4_2/lib/gcc/4.9] ==> [/usr/local/Cellar/gcc@4.9/4.9.4_2/lib/gcc/4.9]
  collapse library dir [/Applications/Xcode.app/Contents/Developer/Platforms/MacOSX.platform/Developer/SDKs/MacOSX11.0.sdk/usr/lib] ==> [/Applications/Xcode.app/Contents/Developer/Platforms/MacOSX.platform/Developer/SDKs/MacOSX11.0.sdk/usr/lib]
  collapse framework dir [/Applications/Xcode.app/Contents/Developer/Platforms/MacOSX.platform/Developer/SDKs/MacOSX11.0.sdk/System/Library/Frameworks/] ==> [/Applications/Xcode.app/Contents/Developer/Platforms/MacOSX.platform/Developer/SDKs/MacOSX11.0.sdk/System/Library/Frameworks]
  implicit libs: [stdc++;gcc_ext.10.5;gcc]
  implicit dirs: [/usr/local/Cellar/gcc@4.9/4.9.4_2/lib/gcc/4.9/gcc/x86_64-apple-darwin17.7.0/4.9.4;/usr/local/Cellar/gcc@4.9/4.9.4_2/lib/gcc/4.9;/Applications/Xcode.app/Contents/Developer/Platforms/MacOSX.platform/Developer/SDKs/MacOSX11.0.sdk/usr/lib]
  implicit fwks: [/Applications/Xcode.app/Contents/Developer/Platforms/MacOSX.platform/Developer/SDKs/MacOSX11.0.sdk/System/Library/Frameworks]




Detecting CXX [-std=c++14] compiler features compiled with the following output:
Change Dir: /Users/ymkzpx/CLionProjects/leetcode/cmake-build-debug/CMakeFiles/CMakeTmp

Run Build Command(s):/usr/local/bin/gmake cmTC_dddf1/fast && /usr/local/bin/gmake  -f CMakeFiles/cmTC_dddf1.dir/build.make CMakeFiles/cmTC_dddf1.dir/build
gmake[1]: Entering directory '/Users/ymkzpx/CLionProjects/leetcode/cmake-build-debug/CMakeFiles/CMakeTmp'
Building CXX object CMakeFiles/cmTC_dddf1.dir/feature_tests.cxx.o
/usr/local/bin/g++-4.9   -isysroot /Applications/Xcode.app/Contents/Developer/Platforms/MacOSX.platform/Developer/SDKs/MacOSX11.0.sdk   -std=c++14 -o CMakeFiles/cmTC_dddf1.dir/feature_tests.cxx.o -c /Users/ymkzpx/CLionProjects/leetcode/cmake-build-debug/CMakeFiles/feature_tests.cxx
Linking CXX executable cmTC_dddf1
/Applications/CLion.app/Contents/bin/cmake/mac/bin/cmake -E cmake_link_script CMakeFiles/cmTC_dddf1.dir/link.txt --verbose=1
/usr/local/bin/g++-4.9  -isysroot /Applications/Xcode.app/Contents/Developer/Platforms/MacOSX.platform/Developer/SDKs/MacOSX11.0.sdk -Wl,-search_paths_first -Wl,-headerpad_max_install_names CMakeFiles/cmTC_dddf1.dir/feature_tests.cxx.o -o cmTC_dddf1 
ld: warning: object file (CMakeFiles/cmTC_dddf1.dir/feature_tests.cxx.o) was built for newer macOS version (11.0) than being linked (10.16.2)
gmake[1]: Leaving directory '/Users/ymkzpx/CLionProjects/leetcode/cmake-build-debug/CMakeFiles/CMakeTmp'



    Feature record: CXX_FEATURE:1cxx_template_template_parameters
    Feature record: CXX_FEATURE:1cxx_alias_templates
    Feature record: CXX_FEATURE:1cxx_alignas
    Feature record: CXX_FEATURE:1cxx_alignof
    Feature record: CXX_FEATURE:1cxx_attributes
    Feature record: CXX_FEATURE:1cxx_auto_type
    Feature record: CXX_FEATURE:1cxx_constexpr
    Feature record: CXX_FEATURE:1cxx_decltype
    Feature record: CXX_FEATURE:1cxx_decltype_incomplete_return_types
    Feature record: CXX_FEATURE:1cxx_default_function_template_args
    Feature record: CXX_FEATURE:1cxx_defaulted_functions
    Feature record: CXX_FEATURE:1cxx_defaulted_move_initializers
    Feature record: CXX_FEATURE:1cxx_delegating_constructors
    Feature record: CXX_FEATURE:1cxx_deleted_functions
    Feature record: CXX_FEATURE:1cxx_enum_forward_declarations
    Feature record: CXX_FEATURE:1cxx_explicit_conversions
    Feature record: CXX_FEATURE:1cxx_extended_friend_declarations
    Feature record: CXX_FEATURE:1cxx_extern_templates
    Feature record: CXX_FEATURE:1cxx_final
    Feature record: CXX_FEATURE:1cxx_func_identifier
    Feature record: CXX_FEATURE:1cxx_generalized_initializers
    Feature record: CXX_FEATURE:1cxx_inheriting_constructors
    Feature record: CXX_FEATURE:1cxx_inline_namespaces
    Feature record: CXX_FEATURE:1cxx_lambdas
    Feature record: CXX_FEATURE:1cxx_local_type_template_args
    Feature record: CXX_FEATURE:1cxx_long_long_type
    Feature record: CXX_FEATURE:1cxx_noexcept
    Feature record: CXX_FEATURE:1cxx_nonstatic_member_init
    Feature record: CXX_FEATURE:1cxx_nullptr
    Feature record: CXX_FEATURE:1cxx_override
    Feature record: CXX_FEATURE:1cxx_range_for
    Feature record: CXX_FEATURE:1cxx_raw_string_literals
    Feature record: CXX_FEATURE:1cxx_reference_qualified_functions
    Feature record: CXX_FEATURE:1cxx_right_angle_brackets
    Feature record: CXX_FEATURE:1cxx_rvalue_references
    Feature record: CXX_FEATURE:1cxx_sizeof_member
    Feature record: CXX_FEATURE:1cxx_static_assert
    Feature record: CXX_FEATURE:1cxx_strong_enums
    Feature record: CXX_FEATURE:1cxx_thread_local
    Feature record: CXX_FEATURE:1cxx_trailing_return_types
    Feature record: CXX_FEATURE:1cxx_unicode_literals
    Feature record: CXX_FEATURE:1cxx_uniform_initialization
    Feature record: CXX_FEATURE:1cxx_unrestricted_unions
    Feature record: CXX_FEATURE:1cxx_user_literals
    Feature record: CXX_FEATURE:1cxx_variadic_macros
    Feature record: CXX_FEATURE:1cxx_variadic_templates
    Feature record: CXX_FEATURE:0cxx_aggregate_default_initializers
    Feature record: CXX_FEATURE:1cxx_attribute_deprecated
    Feature record: CXX_FEATURE:1cxx_binary_literals
    Feature record: CXX_FEATURE:1cxx_contextual_conversions
    Feature record: CXX_FEATURE:1cxx_decltype_auto
    Feature record: CXX_FEATURE:1cxx_digit_separators
    Feature record: CXX_FEATURE:1cxx_generic_lambdas
    Feature record: CXX_FEATURE:1cxx_lambda_init_captures
    Feature record: CXX_FEATURE:0cxx_relaxed_constexpr
    Feature record: CXX_FEATURE:1cxx_return_type_deduction
    Feature record: CXX_FEATURE:0cxx_variable_templates
